<?xml version="1.0" encoding="UTF-8"?>
<coverage generated="1640679958035" clover="3.2.0">
  <project timestamp="1640679958035" name="All files">
    <metrics statements="15" coveredstatements="6" conditionals="2" coveredconditionals="0" methods="7" coveredmethods="2" elements="24" coveredelements="8" complexity="0" loc="15" ncloc="15" packages="2" files="3" classes="3"/>
    <package name="InsideComponent">
      <metrics statements="5" coveredstatements="5" conditionals="0" coveredconditionals="0" methods="2" coveredmethods="2"/>
      <file name="Assembly.vue" path="C:\Users\15989\Desktop\office\vue-golden\src\InsideComponent\Assembly.vue">
        <metrics statements="1" coveredstatements="1" conditionals="0" coveredconditionals="0" methods="1" coveredmethods="1"/>
        <line num="11" count="1" type="stmt"/>
      </file>
      <file name="index.vue" path="C:\Users\15989\Desktop\office\vue-golden\src\InsideComponent\index.vue">
        <metrics statements="4" coveredstatements="4" conditionals="0" coveredconditionals="0" methods="1" coveredmethods="1"/>
        <line num="13" count="1" type="stmt"/>
        <line num="14" count="1" type="stmt"/>
        <line num="15" count="1" type="stmt"/>
        <line num="20" count="1" type="stmt"/>
      </file>
    </package>
    <package name="components">
      <metrics statements="10" coveredstatements="1" conditionals="2" coveredconditionals="0" methods="5" coveredmethods="0"/>
      <file name="VueGoldenLayout.vue" path="C:\Users\15989\Desktop\office\vue-golden\src\components\VueGoldenLayout.vue">
        <metrics statements="10" coveredstatements="1" conditionals="2" coveredconditionals="0" methods="5" coveredmethods="0"/>
        <line num="9" count="1" type="stmt"/>
        <line num="15" count="0" type="stmt"/>
        <line num="20" count="0" type="stmt"/>
        <line num="22" count="0" type="stmt"/>
        <line num="24" count="0" type="stmt"/>
        <line num="26" count="0" type="stmt"/>
        <line num="28" count="0" type="stmt"/>
        <line num="29" count="0" type="cond" truecount="0" falsecount="2"/>
        <line num="30" count="0" type="stmt"/>
        <line num="37" count="0" type="stmt"/>
      </file>
    </package>
  </project>
</coverage>
