{"C:\\Users\\15989\\Desktop\\office\\vue-golden\\src\\InsideComponent\\Assembly.vue": {"path":"C:\\Users\\15989\\Desktop\\office\\vue-golden\\src\\InsideComponent\\Assembly.vue","statementMap":{"0":{"start":{"line":11,"column":0},"end":{"line":11,"column":null}}},"fnMap":{"0":{"name":"(anonymous_1)","decl":{"start":{"line":10,"column":0},"end":{"line":10,"column":null}},"loc":{"start":{"line":10,"column":0},"end":{"line":13,"column":null}}}},"branchMap":{},"s":{"0":1},"f":{"0":1},"b":{}}
,"C:\\Users\\15989\\Desktop\\office\\vue-golden\\src\\InsideComponent\\index.vue": {"path":"C:\\Users\\15989\\Desktop\\office\\vue-golden\\src\\InsideComponent\\index.vue","statementMap":{"0":{"start":{"line":13,"column":0},"end":{"line":13,"column":null}},"1":{"start":{"line":14,"column":0},"end":{"line":14,"column":null}},"2":{"start":{"line":15,"column":0},"end":{"line":15,"column":null}},"3":{"start":{"line":20,"column":0},"end":{"line":20,"column":null}}},"fnMap":{"0":{"name":"(anonymous_1)","decl":{"start":{"line":19,"column":0},"end":{"line":19,"column":null}},"loc":{"start":{"line":19,"column":0},"end":{"line":67,"column":null}}}},"branchMap":{},"s":{"0":1,"1":1,"2":1,"3":1},"f":{"0":1},"b":{}}
,"C:\\Users\\15989\\Desktop\\office\\vue-golden\\src\\components\\VueGoldenLayout.vue": {"path":"C:\\Users\\15989\\Desktop\\office\\vue-golden\\src\\components\\VueGoldenLayout.vue","statementMap":{"0":{"start":{"line":9,"column":0},"end":{"line":9,"column":null}},"1":{"start":{"line":15,"column":0},"end":{"line":15,"column":null}},"2":{"start":{"line":20,"column":0},"end":{"line":20,"column":null}},"3":{"start":{"line":22,"column":0},"end":{"line":34,"column":null}},"4":{"start":{"line":24,"column":0},"end":{"line":33,"column":null}},"5":{"start":{"line":26,"column":0},"end":{"line":32,"column":null}},"6":{"start":{"line":28,"column":0},"end":{"line":28,"column":null}},"7":{"start":{"line":29,"column":0},"end":{"line":31,"column":null}},"8":{"start":{"line":30,"column":0},"end":{"line":30,"column":null}},"9":{"start":{"line":37,"column":0},"end":{"line":37,"column":null}}},"fnMap":{"0":{"name":"(anonymous_1)","decl":{"start":{"line":13,"column":0},"end":{"line":13,"column":null}},"loc":{"start":{"line":13,"column":0},"end":{"line":16,"column":null}}},"1":{"name":"(anonymous_2)","decl":{"start":{"line":18,"column":0},"end":{"line":18,"column":null}},"loc":{"start":{"line":18,"column":0},"end":{"line":38,"column":null}}},"2":{"name":"(anonymous_3)","decl":{"start":{"line":22,"column":0},"end":{"line":22,"column":null}},"loc":{"start":{"line":22,"column":0},"end":{"line":34,"column":null}}},"3":{"name":"(anonymous_4)","decl":{"start":{"line":24,"column":0},"end":{"line":24,"column":null}},"loc":{"start":{"line":24,"column":0},"end":{"line":33,"column":null}}},"4":{"name":"(anonymous_5)","decl":{"start":{"line":26,"column":0},"end":{"line":26,"column":null}},"loc":{"start":{"line":26,"column":0},"end":{"line":32,"column":null}}}},"branchMap":{"0":{"loc":{"start":{"line":29,"column":0},"end":{"line":31,"column":null}},"type":"if","locations":[{"start":{"line":29,"column":0},"end":{"line":31,"column":null}},{"start":{"line":29,"column":0},"end":{"line":31,"column":null}}]}},"s":{"0":1,"1":0,"2":0,"3":0,"4":0,"5":0,"6":0,"7":0,"8":0,"9":0},"f":{"0":0,"1":0,"2":0,"3":0,"4":0},"b":{"0":[0,0]}}
}
